All bytes: 06 00 00 11 b2 18 06 7e len(8)
All bytes: 06 00 00 15 65 f1 c1 7e len(8)
All bytes: 06 00 00 15 64 b5 d7 7e len(8)
All bytes: 06 00 00 15 69 eb 0e 7e len(8)
All bytes: 09 07 4b 46 4d 5f 30 30 31 09 10 36 39 37 30 36 33 31 34 30 31 34 36 38 38 30 33 09 07 4d 41 33 30 34 48 34 06 00 00 15 6f 06 00 00 00 00 06 00 00 00 00 06 00 00 ff 00 06 00 00 4c 02 06 00 00 0d dd 06 00 00 01 d4 06 00 00 09 4c 06 00 00 09 73 06 00 00 09 74 46 14 len(88)
All bytes: 06 00 00 14 2c 00 0d 7e len(8)
All bytes: 06 00 00 15 6c 11 51 7e len(8)
All bytes: 06 00 00 15 6f 31 61 7e len(8)
All bytes: 06 00 00 15 70 be 91 7e len(8)
All bytes: 09 07 4b 46 4d 5f 30 30 31 09 10 36 39 37 30 36 33 31 34 30 31 34 36 38 38 30 33 09 07 4d 41 33 30 34 48 34 06 00 00 15 71 06 00 00 00 00 06 00 00 00 00 07 e0 fe 00 06 00 00 4b d6 06 00 00 0d dc 06 00 00 01 d5 06 00 00 09 4e 06 00 00 09 74 06 00 00 09 76 7a a0 7e len(88)
All bytes: 06 00 00 11 6a 73 4c 7e len(8)
All bytes: 06 00 00 15 93 e6 43 7e len(8)
All bytes: 06 00 00 15 6c bf 41 7e len(8)
All bytes: 06 00 00 15 6c 04 43 7e len(8)
All bytes: 09 07 4b 46 4d 5f 30 30 31 09 10 36 39 37 30 36 33 31 34 30 31 34 36 38 38 30 33 09 07 4d 41 33 30 34 48 34 06 00 00 15 91 06 00 00 00 00 06 00 00 00 00 06 e0 fe 78 06 00 00 4c a9 06 00 00 0d db 06 00 00 01 d4 06 00 00 09 4a 06 00 00 09 70 06 00 00 09 72 2d 50 7e len(88)
All bytes: 06 00 00 13 db c9 e7 7e len(8)
All bytes: 06 00 00 15 ab 53 c7 7e len(8)
All bytes: 06 00 00 15 9f 4f b2 7e len(8)
All bytes: 06 00 00 15 99 58 da 7e len(8)
All bytes: 09 07 4b 46 4d 5f 30 30 31 09 10 36 39 37 30 36 33 31 34 30 31 34 36 38 38 30 33 09 07 4d 41 33 30 34 48 34 06 00 00 15 94 06 00 00 00 00 06 00 00 00 00 06 e0 fe 77 06 00 00 4c a8 06 00 00 0d da 06 00 00 01 d3 06 00 00 09 4c 06 00 00 09 71 06 00 00 09 72 84 88 7e len(88)
All bytes: 06 00 00 15 32 f7 c4 7e len(8)
All bytes: 06 00 00 15 8d 30 8b 7e len(8)
All bytes: 06 00 00 15 89 ed d5 7e len(8)
All bytes: 06 00 00 15 71 91 ac 7e len(8)
All bytes: 09 07 4b 46 4d 5f 30 30 31 09 10 36 39 37 30 36 33 31 34 30 31 34 36 38 38 30 33 09 07 4d 41 33 30 34 48 34 06 00 00 14 de 06 00 00 00 00 06 00 00 00 00 06 e0 fe 72 06 00 00 47 c2 06 00 00 0d d9 06 00 00 01 d4 06 00 00 09 4f 06 00 00 09 73 06 00 00 09 75 4f 0b 7e len(88)
All bytes: 06 00 00 13 4e 43 34 7e len(8)
All bytes: 06 00 00 15 73 d4 87 7e len(8)
All bytes: 06 00 00 15 74 d0 f1 7e len(8)
All bytes: 06 00 00 15 74 1d f6 7e len(8)
All bytes: 09 07 4b 46 4d 5f 30 30 31 09 10 36 39 37 30 36 33 31 34 30 31 34 36 38 38 30 33 09 07 4d 41 33 30 34 48 34 06 00 00 15 7a 06 00 00 00 00 06 00 00 00 00 06 00 00 00 00 06 00 00 4c 0b 06 00 00 0d db 06 00 00 01 d6 06 00 00 09 4e 06 00 00 09 74 06 00 00 09 76 b9 e8 len(88)
All bytes: 06 00 00 15 08 04 7e 7e len(8)
All bytes: 06 00 00 15 69 30 0e 7e len(8)
All bytes: 06 00 00 15 67 83 e0 7e len(8)
All bytes: 06 00 00 15 64 a3 d0 7e len(8)
All bytes: 09 07 4b 46 4d 5f 30 30 31 09 10 36 39 37 30 36 33 31 34 30 31 34 36 38 38 30 33 09 07 4d 41 33 30 34 48 34 06 00 00 14 6b 06 00 00 00 00 06 00 00 00 00 06 e0 fe 6f 06 00 00 45 e1 06 00 00 0d d9 06 00 00 01 d4 06 00 00 09 4d 06 00 00 09 6f 06 00 00 09 73 2d 5d 7e len(88)
All bytes: 06 00 00 12 c4 3b 37 7e len(8)
All bytes: 06 00 00 15 65 7d c9 7e len(8)
All bytes: 06 00 00 15 63 f0 ae 7e len(8)
All bytes: 06 00 00 15 63 09 b6 7e len(8)
All bytes: 09 07 4b 46 4d 5f 30 30 31 09 10 36 39 37 30 36 33 31 34 30 31 34 36 38 38 30 33 09 07 4d 41 33 30 34 48 34 06 00 00 15 64 06 00 00 00 00 06 00 00 00 00 06 e0 fe 6f 06 00 00 4b e0 06 00 00 0d db 06 00 00 01 d4 06 00 00 09 4b 06 00 00 09 70 06 00 00 09 73 fd 1e 7e len(88)
All bytes: 06 00 00 14 9d 56 b4 7e len(8)
All bytes: 06 00 00 15 67 e0 f7 7e len(8)
All bytes: 06 00 00 15 6b ad 30 7e len(8)
All bytes: 06 00 00 15 6b 16 32 7e len(8)
All bytes: 09 07 4b 46 4d 5f 30 30 31 09 10 36 39 37 30 36 33 31 34 30 31 34 36 38 38 30 33 09 07 4d 41 33 30 34 48 34 06 00 00 14 c4 06 00 00 00 00 06 00 00 00 f8 00 00 6f 06 00 00 47 5b 06 00 00 0d d8 06 00 00 01 d4 06 00 00 09 50 06 00 00 09 72 06 00 00 09 75 ed e7 7e 7e len(88)
All bytes: 06 00 00 15 6f 8c 49 7e len(8)
All bytes: 06 00 00 15 63 5b 81 7e len(8)
All bytes: 06 00 00 15 63 7a 8c 7e len(8)
All bytes: 09 07 4b 46 4d 5f 30 30 31 09 10 36 39 37 30 36 33 31 34 30 31 34 36 38 38 30 33 09 07 4d 41 33 30 34 48 34 06 00 00 12 9a 06 00 00 00 00 06 00 00 00 00 00 fe 6d 06 00 00 4b de 06 00 00 0d d6 06 00 00 01 d4 06 00 00 09 4a 06 00 00 09 70 06 00 00 09 74 1f 24 7e 7e len(88)
All bytes: 06 00 00 15 66 1a dc 7e len(8)
All bytes: 06 00 00 15 6b 06 1f 7e len(8)
All bytes: 06 00 00 15 7b 3c 0d 7e len(8)
All bytes: 09 07 4b 46 4d 5f 30 30 31 09 10 36 39 37 30 36 33 31 34 30 31 34 36 38 38 30 33 09 07 4d 41 33 30 34 48 34 06 00 00 15 2b 06 00 00 00 00 06 00 00 00 00 07 00 fe 6f 06 00 00 49 05 06 00 00 0e 1c 06 00 00 01 d4 06 00 00 09 4f 06 00 00 09 74 06 00 00 09 74 6f 73 7e len(88)
All bytes: 06 00 00 15 59 5a 0a 7e len(8)
All bytes: 06 00 00 15 7d 5d 60 7e len(8)
All bytes: 06 00 00 15 7a 59 16 7e len(8)
All bytes: 06 00 00 15 73 55 8c 7e len(8)
All bytes: 09 07 4b 46 4d 5f 30 30 31 09 10 36 39 37 30 36 33 31 34 30 31 34 36 38 38 30 33 09 07 4d 41 33 30 34 48 34 06 00 00 14 04 06 00 00 00 00 06 00 00 00 00 00 00 00 06 00 00 43 ca 06 00 00 0e 19 06 00 00 01 d5 06 00 00 09 4d 06 00 00 09 71 06 00 00 09 70 fb fb 7e 7e len(88)
All bytes: 06 00 00 15 59 44 31 7e len(8)
All bytes: 06 00 00 15 5a 12 04 7e len(8)
All bytes: 06 00 00 15 60 70 98 7e len(8)
All bytes: 09 07 4b 46 4d 5f 30 30 31 09 10 36 39 37 30 36 33 31 34 30 31 34 36 38 38 30 33 09 07 4d 41 33 30 34 48 34 06 00 00 15 46 06 00 00 00 00 06 00 00 00 00 00 00 fe 6d 06 00 00 4a 30 06 00 00 0d d8 06 00 00 01 d4 06 00 00 09 4c 06 00 00 09 73 06 00 00 09 73 19 7c 7e len(88)
All bytes: 06 00 00 15 2a b4 7a 7e len(8)
All bytes: 06 00 00 15 68 6f 1c 7e len(8)
All bytes: 06 00 00 15 6b 4f 2c 7e len(8)
All bytes: 06 00 00 15 6f 92 72 7e len(8)
All bytes: 09 07 4b 46 4d 5f 30 30 31 09 10 36 39 37 30 36 33 31 34 30 31 34 36 38 38 30 33 09 07 4d 41 33 30 34 48 34 06 00 00 13 a1 06 00 00 00 00 06 00 00 00 00 06 e0 fe 6f 06 00 00 42 3b 06 00 00 0d d5 06 00 00 01 d5 06 00 00 09 52 06 00 00 09 75 06 00 00 09 75 26 9d 7e len(88)
All bytes: 06 00 00 13 c5 64 29 7e len(8)
All bytes: 06 00 00 15 6f 5f 75 7e len(8)
All bytes: 06 00 00 15 6a d3 2f 7e len(8)
All bytes: 06 00 00 15 73 28 a0 7e len(8)
All bytes: 09 07 4b 46 4d 5f 30 30 31 09 10 36 39 37 30 36 33 31 34 30 31 34 36 38 38 30 33 09 07 4d 41 33 30 34 48 34 06 00 00 15 69 06 00 00 00 00 06 00 00 00 00 07 00 fe 00 06 00 00 4b 50 06 00 00 0d d4 06 00 00 01 d4 06 00 00 09 4d 06 00 00 09 75 06 00 00 09 73 92 70 7e len(88)
All bytes: 06 00 00 15 1d 79 1b 7e len(8)
All bytes: 06 00 00 15 66 e0 d1 7e len(8)
All bytes: 06 00 00 15 68 25 3a 7e len(8)
All bytes: 06 00 00 15 6a 16 14 7e len(8)
All bytes: 09 07 4b 46 4d 5f 30 30 31 09 10 36 39 37 30 36 33 31 34 30 31 34 36 38 38 30 33 09 07 4d 41 33 30 34 48 34 06 00 00 14 cb 06 00 00 00 00 06 00 00 00 00 06 e0 fe 6f 06 00 00 47 6b 06 00 00 0d ec 06 00 00 01 d4 06 00 00 09 4f 06 00 00 09 74 06 00 00 09 71 90 f6 7e len(88)
All bytes: 06 00 00 15 60 3a be 7e len(8)
All bytes: 06 00 00 15 81 06 4a 7e len(8)
All bytes: 06 00 00 15 67 c7 d0 7e len(8)
All bytes: 06 00 00 15 52 52 b4 7e len(8)
All bytes: 09 07 4b 46 4d 5f 30 30 31 09 10 36 39 37 30 36 33 31 34 30 31 34 36 38 38 30 33 09 07 4d 41 33 30 34 48 34 06 00 00 12 dd 06 00 00 00 00 06 00 00 00 00 06 e0 fe 6d 06 00 00 3e 7d 06 00 00 0e 5d 06 00 00 01 d5 06 00 00 09 51 06 00 00 09 73 06 00 00 09 72 5e 29 7e len(88)
All bytes: 06 00 00 14 f8 ac a2 7e len(8)
All bytes: 06 00 00 15 7e 6b 57 7e len(8)
All bytes: 06 00 00 15 7e d0 55 7e len(8)
All bytes: 06 00 00 15 5c 0d 50 7e len(8)
All bytes: 09 07 4b 46 4d 5f 30 30 31 09 10 36 39 37 30 36 33 31 34 30 31 34 36 38 38 30 33 09 07 4d 41 33 30 34 48 34 06 00 00 15 01 06 00 00 00 00 06 00 00 00 00 00 fe 6b 06 00 00 48 f6 06 00 00 0d 9e 06 00 00 01 d5 06 00 00 09 4c 06 00 00 09 72 06 00 00 09 71 61 75 7e 7e len(88)
All bytes: 06 00 00 15 67 14 ec 7e len(8)
All bytes: 06 00 00 15 6b b5 21 7e len(8)
All bytes: 06 00 00 15 5b 8d 12 7e len(8)
All bytes: 09 07 4b 46 4d 5f 30 30 31 09 10 36 39 37 30 36 33 31 34 30 31 34 36 38 38 30 33 09 07 4d 41 33 30 34 48 34 06 00 00 12 e5 06 00 00 00 00 06 00 00 00 00 06 e0 fe 6c 06 00 00 3f da 06 00 00 0d 28 06 00 00 01 d4 06 00 00 09 51 06 00 00 09 74 06 00 00 09 72 c5 54 7e len(88)
All bytes: 06 00 00 14 bc 7e 97 7e len(8)
All bytes: 06 00 00 15 43 13 86 7e len(8)
All bytes: 06 00 00 15 3a ee 6a 7e len(8)
All bytes: 06 00 00 14 f8 d1 8e 7e len(8)
All bytes: 09 07 4b 46 4d 5f 30 30 31 09 10 36 39 37 30 36 33 31 34 30 31 34 36 38 38 30 33 09 07 4d 41 33 30 34 48 34 06 00 00 14 c7 06 00 00 00 00 06 00 00 00 00 06 e0 fe 85 06 00 00 4a 28 06 00 00 0b bf 06 00 00 01 d4 06 00 00 09 4e 06 00 00 09 77 06 00 00 09 75 04 7a 7e len(88)
All bytes: 06 00 00 15 09 79 74 7e len(8)
All bytes: 06 00 00 15 3f 77 22 7e len(8)
All bytes: 06 00 00 15 a6 1e 26 7e len(8)
All bytes: 06 00 00 15 c0 95 22 7e len(8)
All bytes: 09 07 4b 46 4d 5f 30 30 31 09 10 36 39 37 30 36 33 31 34 30 31 34 36 38 38 30 33 09 07 4d 41 33 30 34 48 34 06 00 00 12 bc 06 00 00 00 00 06 00 00 00 00 06 e0 fe 7e 06 00 00 3e 48 06 00 00 0e 1e 06 00 00 01 d3 06 00 00 09 50 06 00 00 09 72 06 00 00 09 71 8f 79 7e len(88)
All bytes: 06 00 00 14 c5 27 40 7e len(8)
All bytes: 06 00 00 15 91 93 4a 7e len(8)
All bytes: 06 00 00 15 6c 42 64 7e len(8)
All bytes: 06 00 00 15 2e 75 08 7e len(8)
All bytes: 09 07 4b 46 4d 5f 30 30 31 09 10 36 39 37 30 36 33 31 34 30 31 34 36 38 38 30 33 09 07 4d 41 33 30 34 48 34 06 00 00 14 ef 06 00 00 00 00 06 00 00 00 00 06 00 00 ff 00 00 00 00 49 07 06 00 00 0d 50 06 00 00 01 d4 06 00 00 09 4d 06 00 00 09 74 06 00 00 09 74 6c cc len(88)
All bytes: 06 00 00 15 27 c2 90 7e len(8)
All bytes: 06 00 00 15 08 8c 4b 7e len(8)
All bytes: 06 00 00 15 08 75 53 7e len(8)
All bytes: 06 00 00 14 e3 cb 11 7e len(8)
All bytes: 09 07 4b 46 4d 5f 30 30 31 09 10 36 39 37 30 36 33 31 34 30 31 34 36 38 38 30 33 09 07 4d 41 33 30 34 48 34 06 00 00 12 b7 06 00 00 00 00 06 00 00 00 00 06 e0 fe 85 06 00 00 3f e8 06 00 00 0c 7b 06 00 00 01 d3 06 00 00 09 4f 06 00 00 09 74 06 00 00 09 72 a3 ef 7e len(88)
All bytes: 06 00 00 14 fd 42 ed 7e len(8)
All bytes: 06 00 00 15 10 50 c5 7e len(8)
All bytes: 06 00 00 15 74 c9 e2 7e len(8)
All bytes: 06 00 00 15 5f d5 7a 7e len(8)
All bytes: 09 07 4b 46 4d 5f 30 30 31 09 10 36 39 37 30 36 33 31 34 30 31 34 36 38 38 30 33 09 07 4d 41 33 30 34 48 34 06 00 00 10 ac 06 00 00 00 00 06 00 00 00 00 00 00 8b 06 00 00 37 8d 06 00 00 0d 59 06 00 00 01 d3 06 00 00 09 52 06 00 00 09 73 06 00 00 09 71 40 a4 7e 7e len(88)
All bytes: 06 00 00 15 4d 0f 7a 7e len(8)
All bytes: 06 00 00 15 56 90 d3 7e len(8)
All bytes: 06 00 00 14 fe b1 e1 7e len(8)
All bytes: 09 07 4b 46 4d 5f 30 30 31 09 10 36 39 37 30 36 33 31 34 30 31 34 36 38 38 30 33 09 07 4d 41 33 30 34 48 34 06 00 00 13 3d 06 00 00 00 00 06 00 00 00 00 06 00 00 ff 00 00 00 00 41 d4 06 00 00 0c e1 06 00 00 01 d3 06 00 00 09 4c 06 00 00 09 73 06 00 00 09 71 bd 27 len(88)
All bytes: 06 00 00 15 2a 5a 67 7e len(8)
All bytes: 06 00 00 15 46 fd c9 7e len(8)
All bytes: 06 00 00 15 1d 10 27 7e len(8)
All bytes: 06 00 00 15 2c e3 1f 7e len(8)
All bytes: 09 07 4b 46 4d 5f 30 30 31 09 10 36 39 37 30 36 33 31 34 30 31 34 36 38 38 30 33 09 07 4d 41 33 30 34 48 34 06 00 00 10 8a 06 00 00 00 00 06 00 00 00 00 00 00 8d 06 00 00 36 e8 06 00 00 0d bb 06 00 00 01 d4 06 00 00 09 53 06 00 00 09 74 06 00 00 09 74 fc aa 7e 7e len(88)
All bytes: 06 00 00 15 52 d7 82 7e len(8)
All bytes: 06 00 00 15 53 7f 9e 7e len(8)
All bytes: 06 00 00 15 68 94 13 7e len(8)
All bytes: 09 07 4b 46 4d 5f 30 30 31 09 10 36 39 37 30 36 33 31 34 30 31 34 36 38 38 30 33 09 07 4d 41 33 30 34 48 34 06 00 00 13 49 06 00 00 00 00 06 00 00 00 00 00 00 fe 8c 06 00 00 40 9e 06 00 00 0e 1e 06 00 00 01 d4 06 00 00 09 4e 06 00 00 09 75 06 00 00 09 72 af 9c 7e len(88)
All bytes: 06 00 00 15 52 64 bc 7e len(8)
All bytes: 06 00 00 12 bf 4a ca 7e len(8)
All bytes: 06 00 00 12 ae f9 c9 7e len(8)
All bytes: 06 00 00 12 aa fc 82 7e len(8)
All bytes: 09 07 4b 46 4d 5f 30 30 31 09 10 36 39 37 30 36 33 31 34 30 31 34 36 38 38 30 33 09 07 4d 41 33 30 34 48 34 06 00 00 0d f0 06 00 00 00 00 06 00 00 00 00 06 e0 fe 82 06 00 e0 2c 68 06 00 00 0d 13 06 00 00 01 d5 06 00 00 09 56 06 00 00 09 73 06 00 00 09 72 3a 7b 7e len(88)
All bytes: 06 00 00 12 0b 09 33 7e len(8)
All bytes: 06 00 00 12 21 ea bf 7e len(8)
All bytes: 06 00 00 12 03 03 a5 7e len(8)
All bytes: 06 00 00 12 36 96 c1 7e len(8)
All bytes: 09 07 4b 46 4d 5f 30 30 31 09 10 36 39 37 30 36 33 31 34 30 31 34 36 38 38 30 33 09 07 4d 41 33 30 34 48 34 06 00 00 0c f7 06 00 00 00 00 06 00 00 00 00 06 00 00 ff 00 06 00 00 36 d9 06 00 00 0c 37 06 00 00 01 d3 06 00 00 09 50 06 00 00 09 72 06 00 00 09 6f 1e 21 len(88)
All bytes: 06 00 00 12 32 c4 82 7e len(8)
All bytes: 06 00 00 12 42 62 fc 7e len(8)
All bytes: 06 00 00 12 46 fd b8 7e len(8)
All bytes: 06 00 00 12 3f 76 51 7e len(8)
All bytes: 09 07 4b 46 4d 5f 30 30 31 09 10 36 39 37 30 36 33 31 34 30 31 34 36 38 38 30 33 09 07 4d 41 33 30 34 48 34 06 00 00 0e a6 06 00 00 00 00 06 00 00 00 00 06 e0 fe 5d 06 00 00 2d 87 06 00 00 0e 71 06 00 00 01 d4 06 00 00 09 55 06 00 00 09 70 06 00 00 09 72 67 f0 7e len(88)
All bytes: 06 00 00 12 9e 07 d4 7e len(8)
All bytes: 06 00 00 12 9a 98 90 7e len(8)
All bytes: 06 00 00 12 8f 79 d0 7e len(8)
All bytes: 06 00 00 12 7d 5f 06 7e len(8)
All bytes: 09 07 4b 46 4d 5f 30 30 31 09 10 36 39 37 30 36 33 31 34 30 31 34 36 38 38 30 33 09 07 4d 41 33 30 34 48 34 06 00 00 0d a2 06 00 00 00 00 06 00 00 00 00 06 e0 fe 77 06 00 00 2a ef 06 00 00 0d f3 06 00 00 01 d3 06 00 00 09 56 06 00 00 09 6f 06 00 00 09 70 f8 6e 7e len(88)
All bytes: 06 00 00 12 69 60 5f 7e len(8)
All bytes: 06 00 00 12 6e 12 2c 7e len(8)
All bytes: 06 00 00 12 70 56 d7 7e len(8)
All bytes: 06 00 00 12 6d cb 04 7e len(8)
All bytes: 09 07 4b 46 4d 5f 30 30 31 09 10 36 39 37 30 36 33 31 34 30 31 34 36 38 38 30 33 09 07 4d 41 33 30 34 48 34 06 00 00 0f c9 06 00 00 00 00 06 00 00 00 00 00 00 fe 00 06 00 e0 33 0c 06 00 00 0d 34 06 00 00 01 d3 06 00 00 09 52 06 00 00 09 6f 06 00 00 09 6d a9 07 7e len(88)
All bytes: 06 00 00 12 56 ed 8e 7e len(8)
All bytes: 06 00 00 12 55 cd be 7e len(8)
All bytes: 06 00 00 12 5a 1b 4b 7e len(8)
All bytes: 06 00 00 12 84 53 76 7e len(8)
All bytes: 09 07 4b 46 4d 5f 30 30 31 09 10 36 39 37 30 36 33 31 34 30 31 34 36 38 38 30 33 09 07 4d 41 33 30 34 48 34 06 00 00 0d af 06 00 00 00 00 06 00 00 00 00 06 00 00 ff 00 06 00 00 2b 85 06 00 00 0d 65 06 00 00 01 d2 06 00 00 09 55 06 00 00 09 70 06 00 00 09 6c 31 2b len(88)
All bytes: 06 00 00 12 6a 50 42 7e len(8)
All bytes: 06 00 00 12 79 87 67 7e len(8)
All bytes: 06 00 00 12 8f 85 f7 7e len(8)
All bytes: 06 00 00 12 8c 3f c8 7e len(8)
All bytes: 09 07 4b 46 4d 5f 30 30 31 09 10 36 39 37 30 36 33 31 34 30 31 34 36 38 38 30 33 09 07 4d 41 33 30 34 48 34 06 00 00 10 51 06 00 00 00 00 06 00 00 00 00 00 00 8b 06 00 00 35 08 06 00 00 0d 64 06 00 00 01 d3 06 00 00 09 54 06 00 00 09 72 06 00 00 09 71 4a e9 7e 7e len(88)
All bytes: 06 00 00 12 70 11 f2 7e len(8)
All bytes: 06 00 00 12 89 a6 80 7e len(8)
All bytes: 06 00 00 12 85 71 48 7e len(8)
All bytes: 09 07 4b 46 4d 5f 30 30 31 09 10 36 39 37 30 36 33 31 34 30 31 34 36 38 38 30 33 09 07 4d 41 33 30 34 48 34 06 00 00 0d 7f 06 00 00 00 00 06 00 00 00 00 06 80 00 00 90 06 00 00 2b 02 06 00 00 0d 51 06 00 00 01 d3 06 00 00 09 56 06 00 00 09 70 06 00 00 09 70 f2 30 len(88)
All bytes: 06 00 00 12 92 39 29 7e len(8)
All bytes: 06 00 00 12 9f fd ff 7e len(8)
All bytes: 06 00 00 12 9c dd cf 7e len(8)
All bytes: 06 00 00 12 9c 10 c8 7e len(8)
All bytes: 09 07 4b 46 4d 5f 30 30 31 09 10 36 39 37 30 36 33 31 34 30 31 34 36 38 38 30 33 09 07 4d 41 33 30 34 48 34 06 00 00 0d 31 06 00 00 00 00 06 00 00 00 00 06 e0 fe 92 06 00 00 33 12 06 00 00 0d a6 06 00 00 01 d3 06 00 00 09 53 06 00 00 09 70 06 00 00 09 6f 8a bb 7e len(88)
All bytes: 06 00 00 12 84 2b 65 7e len(8)
All bytes: 06 00 00 12 91 bc 20 7e len(8)
All bytes: 06 00 00 12 8e 07 cf 7e len(8)
All bytes: 06 00 00 12 93 d8 06 7e len(8)
All bytes: 09 07 4b 46 4d 5f 30 30 31 09 10 36 39 37 30 36 33 31 34 30 31 34 36 38 38 30 33 09 07 4d 41 33 30 34 48 34 06 00 00 0d ae 06 00 00 00 00 06 00 00 00 00 06 00 00 00 00 06 00 00 2b 8d 06 00 00 0d 56 06 00 00 01 d3 06 00 00 09 54 06 00 00 09 70 06 00 00 09 6f 9d ee